{"/Users/bigger/Desktop/zhangbin/open/want-ui/src/Button/Button.tsx": {"path":"/Users/bigger/Desktop/zhangbin/open/want-ui/src/Button/Button.tsx","statementMap":{"0":{"start":{"line":16,"column":21},"end":{"line":16,"column":null}},"1":{"start":{"line":39,"column":13},"end":{"line":39,"column":null}},"2":{"start":{"line":57,"column":15},"end":{"line":57,"column":31}},"3":{"start":{"line":61,"column":4},"end":{"line":61,"column":11}},"4":{"start":{"line":61,"column":11},"end":{"line":61,"column":null}}},"fnMap":{"0":{"name":"(anonymous_0)","decl":{"start":{"line":60,"column":2},"end":{"line":60,"column":7}},"loc":{"start":{"line":60,"column":26},"end":{"line":85,"column":null}}},"1":{"name":"(anonymous_1)","decl":{"start":{"line":61,"column":11},"end":{"line":61,"column":null}},"loc":{"start":{"line":61,"column":11},"end":{"line":61,"column":null}}}},"branchMap":{"0":{"loc":{"start":{"line":67,"column":12},"end":{"line":67,"column":56}},"type":"cond-expr","locations":[{"start":{"line":67,"column":26},"end":{"line":67,"column":43}},{"start":{"line":67,"column":43},"end":{"line":67,"column":56}}]},"1":{"loc":{"start":{"line":69,"column":17},"end":{"line":69,"column":62}},"type":"cond-expr","locations":[{"start":{"line":69,"column":31},"end":{"line":69,"column":54}},{"start":{"line":69,"column":54},"end":{"line":69,"column":62}}]},"2":{"loc":{"start":{"line":71,"column":30},"end":{"line":71,"column":58}},"type":"cond-expr","locations":[{"start":{"line":71,"column":44},"end":{"line":71,"column":52}},{"start":{"line":71,"column":52},"end":{"line":71,"column":58}}]},"3":{"loc":{"start":{"line":74,"column":34},"end":{"line":74,"column":62}},"type":"cond-expr","locations":[{"start":{"line":74,"column":48},"end":{"line":74,"column":56}},{"start":{"line":74,"column":56},"end":{"line":74,"column":62}}]},"4":{"loc":{"start":{"line":81,"column":9},"end":{"line":81,"column":null}},"type":"cond-expr","locations":[{"start":{"line":81,"column":9},"end":{"line":81,"column":14}},{"start":{"line":81,"column":74},"end":{"line":81,"column":null}}]},"5":{"loc":{"start":{"line":82,"column":9},"end":{"line":82,"column":null}},"type":"cond-expr","locations":[{"start":{"line":82,"column":25},"end":{"line":82,"column":30}},{"start":{"line":82,"column":43},"end":{"line":82,"column":null}}]}},"s":{"0":1,"1":1,"2":1,"3":8,"4":8},"f":{"0":8,"1":8},"b":{"0":[1,7],"1":[1,7],"2":[1,7],"3":[1,7],"4":[1,7],"5":[8,0]}}
}
